Determining if the pthread_create exist failed with the following output:
Change Dir: /home/ulyssess/CLionProjects/untitled/16208_kutalev/CMakeFiles/CMakeTmp

Run Build Command:"/usr/bin/make" "cmTC_5682c/fast"
/usr/bin/make -f CMakeFiles/cmTC_5682c.dir/build.make CMakeFiles/cmTC_5682c.dir/build
make[1]: вход в каталог «/home/ulyssess/CLionProjects/untitled/16208_kutalev/CMakeFiles/CMakeTmp»
Building C object CMakeFiles/cmTC_5682c.dir/CheckSymbolExists.c.o
/usr/bin/cc    -o CMakeFiles/cmTC_5682c.dir/CheckSymbolExists.c.o   -c /home/ulyssess/CLionProjects/untitled/16208_kutalev/CMakeFiles/CMakeTmp/CheckSymbolExists.c
Linking C executable cmTC_5682c
/home/ulyssess/Документы/clion-2017.2.2/bin/cmake/bin/cmake -E cmake_link_script CMakeFiles/cmTC_5682c.dir/link.txt --verbose=1
/usr/bin/cc      CMakeFiles/cmTC_5682c.dir/CheckSymbolExists.c.o  -o cmTC_5682c 
CMakeFiles/cmTC_5682c.dir/CheckSymbolExists.c.o: In function `main':
CheckSymbolExists.c:(.text+0x1b): undefined reference to `pthread_create'
collect2: error: ld returned 1 exit status
CMakeFiles/cmTC_5682c.dir/build.make:97: ошибка выполнения рецепта для цели «cmTC_5682c»
make[1]: *** [cmTC_5682c] Ошибка 1
make[1]: выход из каталога «/home/ulyssess/CLionProjects/untitled/16208_kutalev/CMakeFiles/CMakeTmp»
Makefile:126: ошибка выполнения рецепта для цели «cmTC_5682c/fast»
make: *** [cmTC_5682c/fast] Ошибка 2

File /home/ulyssess/CLionProjects/untitled/16208_kutalev/CMakeFiles/CMakeTmp/CheckSymbolExists.c:
/* */
#include <pthread.h>

int main(int argc, char** argv)
{
  (void)argv;
#ifndef pthread_create
  return ((int*)(&pthread_create))[argc];
#else
  (void)argc;
  return 0;
#endif
}

Determining if the function pthread_create exists in the pthreads failed with the following output:
Change Dir: /home/ulyssess/CLionProjects/untitled/16208_kutalev/CMakeFiles/CMakeTmp

Run Build Command:"/usr/bin/make" "cmTC_3001f/fast"
/usr/bin/make -f CMakeFiles/cmTC_3001f.dir/build.make CMakeFiles/cmTC_3001f.dir/build
make[1]: вход в каталог «/home/ulyssess/CLionProjects/untitled/16208_kutalev/CMakeFiles/CMakeTmp»
Building C object CMakeFiles/cmTC_3001f.dir/CheckFunctionExists.c.o
/usr/bin/cc   -DCHECK_FUNCTION_EXISTS=pthread_create   -o CMakeFiles/cmTC_3001f.dir/CheckFunctionExists.c.o   -c /home/ulyssess/Документы/clion-2017.2.2/bin/cmake/share/cmake-3.8/Modules/CheckFunctionExists.c
Linking C executable cmTC_3001f
/home/ulyssess/Документы/clion-2017.2.2/bin/cmake/bin/cmake -E cmake_link_script CMakeFiles/cmTC_3001f.dir/link.txt --verbose=1
/usr/bin/cc  -DCHECK_FUNCTION_EXISTS=pthread_create    CMakeFiles/cmTC_3001f.dir/CheckFunctionExists.c.o  -o cmTC_3001f -lpthreads 
/usr/bin/ld: cannot find -lpthreads
collect2: error: ld returned 1 exit status
CMakeFiles/cmTC_3001f.dir/build.make:97: ошибка выполнения рецепта для цели «cmTC_3001f»
make[1]: *** [cmTC_3001f] Ошибка 1
make[1]: выход из каталога «/home/ulyssess/CLionProjects/untitled/16208_kutalev/CMakeFiles/CMakeTmp»
Makefile:126: ошибка выполнения рецепта для цели «cmTC_3001f/fast»
make: *** [cmTC_3001f/fast] Ошибка 2


